<?xml version="1.0" encoding="UTF-8" ?>
<testsuite tests="16" failures="0" name="com.privalia.calculatorexample.integration.test.CalculatorIntegrationTest" time="0.003" errors="0" skipped="0">
  <properties>
[...]
</properties>
  <testcase classname="com.privalia.calculatorexample.integration.test.CalculatorIntegrationTest" name="testAdd(1,2,3) [0]" time="0.001"/>
  <testcase classname="com.privalia.calculatorexample.integration.test.CalculatorIntegrationTest" name="testAdd(-10, 30, 20) [1]" time="0"/>
  <testcase classname="com.privalia.calculatorexample.integration.test.CalculatorIntegrationTest" name="testAdd(15, -5, 10) [2]" time="0"/>
  <testcase classname="com.privalia.calculatorexample.integration.test.CalculatorIntegrationTest" name="testAdd(-5, -10, -15) [3]" time="0"/>
  <testcase classname="com.privalia.calculatorexample.integration.test.CalculatorIntegrationTest" name="testSubstract(2,1,1) [0]" time="0"/>
  <testcase classname="com.privalia.calculatorexample.integration.test.CalculatorIntegrationTest" name="testSubstract(-10, 30, -40) [1]" time="0"/>
  <testcase classname="com.privalia.calculatorexample.integration.test.CalculatorIntegrationTest" name="testSubstract(15, 5, 10) [2]" time="0"/>
  <testcase classname="com.privalia.calculatorexample.integration.test.CalculatorIntegrationTest" name="testSubstract(-5, -1, -4) [3]" time="0"/>
  <testcase classname="com.privalia.calculatorexample.integration.test.CalculatorIntegrationTest" name="testDivide(2,1,2) [0]" time="0"/>
  <testcase classname="com.privalia.calculatorexample.integration.test.CalculatorIntegrationTest" name="testDivide(-10, 5, -2) [1]" time="0"/>
  <testcase classname="com.privalia.calculatorexample.integration.test.CalculatorIntegrationTest" name="testDivide(15, 5, 3) [2]" time="0"/>
  <testcase classname="com.privalia.calculatorexample.integration.test.CalculatorIntegrationTest" name="testDivide(25, 5, 5) [3]" time="0.001"/>
  <testcase classname="com.privalia.calculatorexample.integration.test.CalculatorIntegrationTest" name="testMultiply(1,2,2) [0]" time="0"/>
  <testcase classname="com.privalia.calculatorexample.integration.test.CalculatorIntegrationTest" name="testMultiply(-10, 30, -300) [1]" time="0"/>
  <testcase classname="com.privalia.calculatorexample.integration.test.CalculatorIntegrationTest" name="testMultiply(15, -5, -75) [2]" time="0"/>
  <testcase classname="com.privalia.calculatorexample.integration.test.CalculatorIntegrationTest" name="testMultiply(-5, -10, 50) [3]" time="0.001"/>
</testsuite>